486:C 29 May 2026 10:17:40.079 # Fatal error, can't open config file '/redis/tools/C:\ProgramData\chocolatey\lib\redis\tools\redis.conf': No such file or directory
1662:C 29 May 2026 10:17:42.214 # Fatal error, can't open config file '/redis/tools/C:\ProgramData\chocolatey\lib\redis\tools\redis.conf': No such file or directory
1646:C 29 May 2026 10:17:46.427 # Fatal error, can't open config file '/redis/tools/C:\ProgramData\chocolatey\lib\redis\tools\redis.conf': No such file or directory
496:C 29 May 2026 10:17:54.588 # Fatal error, can't open config file '/redis/tools/C:\ProgramData\chocolatey\lib\redis\tools\redis.conf': No such file or directory
1253:C 29 May 2026 10:18:10.738 # Fatal error, can't open config file '/redis/tools/C:\ProgramData\chocolatey\lib\redis\tools\redis.conf': No such file or directory
1023:C 29 May 2026 10:18:42.897 # Fatal error, can't open config file '/redis/tools/C:\ProgramData\chocolatey\lib\redis\tools\redis.conf': No such file or directory
1394:C 29 May 2026 10:19:47.052 # Fatal error, can't open config file '/redis/tools/C:\ProgramData\chocolatey\lib\redis\tools\redis.conf': No such file or directory
1269:C 29 May 2026 10:21:55.210 # Fatal error, can't open config file '/redis/tools/C:\ProgramData\chocolatey\lib\redis\tools\redis.conf': No such file or directory
576:C 29 May 2026 10:24:03.397 # Fatal error, can't open config file '/redis/tools/C:\ProgramData\chocolatey\lib\redis\tools\redis.conf': No such file or directory
1721:C 29 May 2026 10:26:11.583 # Fatal error, can't open config file '/redis/tools/C:\ProgramData\chocolatey\lib\redis\tools\redis.conf': No such file or directory
783:C 29 May 2026 10:28:19.734 # Fatal error, can't open config file '/redis/tools/C:\ProgramData\chocolatey\lib\redis\tools\redis.conf': No such file or directory
2047:C 29 May 2026 10:30:27.895 # Fatal error, can't open config file '/redis/tools/C:\ProgramData\chocolatey\lib\redis\tools\redis.conf': No such file or directory
1467:C 29 May 2026 10:35:33.734 * oO0OoO0OoO0Oo Redis is starting oO0OoO0OoO0Oo
1467:C 29 May 2026 10:35:33.758 * Redis version=8.8.0, bits=64, commit=00000000, modified=0, pid=1467, just started
1467:C 29 May 2026 10:35:33.758 * Configuration loaded
1467:M 29 May 2026 10:35:33.762 # You requested maxclients of 10000 requiring at least 10032 max file descriptors.
1467:M 29 May 2026 10:35:33.762 # Server can't set maximum open files to 10032 because of OS error: Operation not permitted.
1467:M 29 May 2026 10:35:33.762 # Current maximum open files is 3200. maxclients has been reduced to 3168 to compensate for low ulimit. If you need higher maxclients increase 'ulimit -n'.
1467:M 29 May 2026 10:35:33.762 * monotonic clock: POSIX clock_gettime
1467:M 29 May 2026 10:35:33.769 * Running mode=standalone, port=6379.
1467:M 29 May 2026 10:35:33.775 * Server initialized
1467:M 29 May 2026 10:35:33.776 * Ready to accept connections tcp
1467:M 29 May 2026 10:35:33.776 # WARNING: Redis does not require authentication. Redis will accept connections from any local client.
1467:M 29 May 2026 11:31:18.445 * 1 changes in 900 seconds. Saving...
1467:M 29 May 2026 11:31:18.860 * Background saving started by pid 1468
1468:C 29 May 2026 11:31:18.896 * BGSAVE done, 1 keys saved, 0 keys skipped, 201 bytes written.
1468:C 29 May 2026 11:31:19.025 * DB saved on disk
1468:C 29 May 2026 11:31:19.026 * Fork CoW for RDB: current 0 MB, peak 0 MB, average 0 MB
1467:M 29 May 2026 11:31:19.196 * Background saving terminated with success
1467:M 29 May 2026 11:46:20.004 * 1 changes in 900 seconds. Saving...
1467:M 29 May 2026 11:46:20.115 * Background saving started by pid 1469
1469:C 29 May 2026 11:46:20.119 * BGSAVE done, 1 keys saved, 0 keys skipped, 201 bytes written.
1469:C 29 May 2026 11:46:20.188 * DB saved on disk
1469:C 29 May 2026 11:46:20.188 * Fork CoW for RDB: current 0 MB, peak 0 MB, average 0 MB
1467:M 29 May 2026 11:46:20.226 * Background saving terminated with success
