[2026-05-29T10:15:27,674][INFO ][o.e.n.Node               ] [jetlinks-node-1] version[7.17.23], pid[19080], build[default/zip/61d76462eecaf09ada684d1b5d319b5ff6865a83/2024-07-25T14:37:42.448799567Z], OS[Windows 10/10.0/amd64], JVM[Oracle Corporation/OpenJDK 64-Bit Server VM/22.0.1/22.0.1+8-16]
[2026-05-29T10:15:27,690][INFO ][o.e.n.Node               ] [jetlinks-node-1] JVM home [C:\ProgramData\chocolatey\lib\elasticsearch\tools\elasticsearch-7.17.23\jdk], using bundled JDK [true]
[2026-05-29T10:15:27,690][INFO ][o.e.n.Node               ] [jetlinks-node-1] JVM arguments [-Des.networkaddress.cache.ttl=60, -Des.networkaddress.cache.negative.ttl=10, -XX:+AlwaysPreTouch, -Djava.awt.headless=true, -Dfile.encoding=UTF-8, -Djna.nosys=true, -XX:-OmitStackTraceInFastThrow, -XX:+ShowCodeDetailsInExceptionMessages, -Dio.netty.noUnsafe=true, -Dio.netty.noKeySetOptimization=true, -Dio.netty.recycler.maxCapacityPerThread=0, -Dio.netty.allocator.numDirectArenas=0, -Dlog4j.shutdownHookEnabled=false, -Dlog4j2.disable.jmx=true, -Dlog4j2.formatMsgNoLookups=true, -Djava.locale.providers=SPI,COMPAT, --add-opens=java.base/java.io=ALL-UNNAMED, -Djava.security.manager=allow, -XX:+UseG1GC, -Djava.io.tmpdir=C:\Users\admin\AppData\Local\Temp\elasticsearch, -XX:+HeapDumpOnOutOfMemoryError, -XX:+ExitOnOutOfMemoryError, -XX:HeapDumpPath=data, -XX:ErrorFile=logs/hs_err_pid%p.log, -XX:+UnlockDiagnosticVMOptions, -XX:G1NumCollectionsKeepPinned=10000000, -XX:MaxDirectMemorySize=2069889024, -XX:G1HeapRegionSize=4m, -XX:InitiatingHeapOccupancyPercent=30, -XX:G1ReservePercent=15, -Delasticsearch, -Des.path.home=C:\ProgramData\chocolatey\lib\elasticsearch\tools\elasticsearch-7.17.23, -Des.path.conf=C:\ProgramData\chocolatey\lib\elasticsearch\tools\elasticsearch-7.17.23\config, -Des.distribution.flavor=default, -Des.distribution.type=zip, -Des.bundled_jdk=true, exit, abort, -Xms3947m, -Xmx3947m, -Xss1024k]
[2026-05-29T10:15:53,498][INFO ][o.e.p.PluginsService     ] [jetlinks-node-1] loaded module [aggs-matrix-stats]
[2026-05-29T10:15:53,498][INFO ][o.e.p.PluginsService     ] [jetlinks-node-1] loaded module [analysis-common]
[2026-05-29T10:15:53,498][INFO ][o.e.p.PluginsService     ] [jetlinks-node-1] loaded module [constant-keyword]
[2026-05-29T10:15:53,498][INFO ][o.e.p.PluginsService     ] [jetlinks-node-1] loaded module [frozen-indices]
[2026-05-29T10:15:53,498][INFO ][o.e.p.PluginsService     ] [jetlinks-node-1] loaded module [ingest-common]
[2026-05-29T10:15:53,498][INFO ][o.e.p.PluginsService     ] [jetlinks-node-1] loaded module [ingest-geoip]
[2026-05-29T10:15:53,498][INFO ][o.e.p.PluginsService     ] [jetlinks-node-1] loaded module [ingest-user-agent]
[2026-05-29T10:15:53,498][INFO ][o.e.p.PluginsService     ] [jetlinks-node-1] loaded module [kibana]
[2026-05-29T10:15:53,498][INFO ][o.e.p.PluginsService     ] [jetlinks-node-1] loaded module [lang-expression]
[2026-05-29T10:15:53,498][INFO ][o.e.p.PluginsService     ] [jetlinks-node-1] loaded module [lang-mustache]
[2026-05-29T10:15:53,498][INFO ][o.e.p.PluginsService     ] [jetlinks-node-1] loaded module [lang-painless]
[2026-05-29T10:15:53,498][INFO ][o.e.p.PluginsService     ] [jetlinks-node-1] loaded module [legacy-geo]
[2026-05-29T10:15:53,498][INFO ][o.e.p.PluginsService     ] [jetlinks-node-1] loaded module [mapper-extras]
[2026-05-29T10:15:53,498][INFO ][o.e.p.PluginsService     ] [jetlinks-node-1] loaded module [mapper-version]
[2026-05-29T10:15:53,498][INFO ][o.e.p.PluginsService     ] [jetlinks-node-1] loaded module [parent-join]
[2026-05-29T10:15:53,498][INFO ][o.e.p.PluginsService     ] [jetlinks-node-1] loaded module [percolator]
[2026-05-29T10:15:53,514][INFO ][o.e.p.PluginsService     ] [jetlinks-node-1] loaded module [rank-eval]
[2026-05-29T10:15:53,514][INFO ][o.e.p.PluginsService     ] [jetlinks-node-1] loaded module [reindex]
[2026-05-29T10:15:53,514][INFO ][o.e.p.PluginsService     ] [jetlinks-node-1] loaded module [repositories-metering-api]
[2026-05-29T10:15:53,514][INFO ][o.e.p.PluginsService     ] [jetlinks-node-1] loaded module [repository-encrypted]
[2026-05-29T10:15:53,514][INFO ][o.e.p.PluginsService     ] [jetlinks-node-1] loaded module [repository-url]
[2026-05-29T10:15:53,551][INFO ][o.e.p.PluginsService     ] [jetlinks-node-1] loaded module [runtime-fields-common]
[2026-05-29T10:15:53,551][INFO ][o.e.p.PluginsService     ] [jetlinks-node-1] loaded module [search-business-rules]
[2026-05-29T10:15:53,551][INFO ][o.e.p.PluginsService     ] [jetlinks-node-1] loaded module [searchable-snapshots]
[2026-05-29T10:15:53,551][INFO ][o.e.p.PluginsService     ] [jetlinks-node-1] loaded module [snapshot-repo-test-kit]
[2026-05-29T10:15:53,551][INFO ][o.e.p.PluginsService     ] [jetlinks-node-1] loaded module [spatial]
[2026-05-29T10:15:53,551][INFO ][o.e.p.PluginsService     ] [jetlinks-node-1] loaded module [transform]
[2026-05-29T10:15:53,551][INFO ][o.e.p.PluginsService     ] [jetlinks-node-1] loaded module [transport-netty4]
[2026-05-29T10:15:53,551][INFO ][o.e.p.PluginsService     ] [jetlinks-node-1] loaded module [unsigned-long]
[2026-05-29T10:15:53,551][INFO ][o.e.p.PluginsService     ] [jetlinks-node-1] loaded module [vector-tile]
[2026-05-29T10:15:53,551][INFO ][o.e.p.PluginsService     ] [jetlinks-node-1] loaded module [vectors]
[2026-05-29T10:15:53,551][INFO ][o.e.p.PluginsService     ] [jetlinks-node-1] loaded module [wildcard]
[2026-05-29T10:15:53,551][INFO ][o.e.p.PluginsService     ] [jetlinks-node-1] loaded module [x-pack-aggregate-metric]
[2026-05-29T10:15:53,551][INFO ][o.e.p.PluginsService     ] [jetlinks-node-1] loaded module [x-pack-analytics]
[2026-05-29T10:15:53,551][INFO ][o.e.p.PluginsService     ] [jetlinks-node-1] loaded module [x-pack-async]
[2026-05-29T10:15:53,551][INFO ][o.e.p.PluginsService     ] [jetlinks-node-1] loaded module [x-pack-async-search]
[2026-05-29T10:15:53,551][INFO ][o.e.p.PluginsService     ] [jetlinks-node-1] loaded module [x-pack-autoscaling]
[2026-05-29T10:15:53,551][INFO ][o.e.p.PluginsService     ] [jetlinks-node-1] loaded module [x-pack-ccr]
[2026-05-29T10:15:53,551][INFO ][o.e.p.PluginsService     ] [jetlinks-node-1] loaded module [x-pack-core]
[2026-05-29T10:15:53,551][INFO ][o.e.p.PluginsService     ] [jetlinks-node-1] loaded module [x-pack-data-streams]
[2026-05-29T10:15:53,551][INFO ][o.e.p.PluginsService     ] [jetlinks-node-1] loaded module [x-pack-deprecation]
[2026-05-29T10:15:53,551][INFO ][o.e.p.PluginsService     ] [jetlinks-node-1] loaded module [x-pack-enrich]
[2026-05-29T10:15:53,551][INFO ][o.e.p.PluginsService     ] [jetlinks-node-1] loaded module [x-pack-eql]
[2026-05-29T10:15:53,551][INFO ][o.e.p.PluginsService     ] [jetlinks-node-1] loaded module [x-pack-fleet]
[2026-05-29T10:15:53,551][INFO ][o.e.p.PluginsService     ] [jetlinks-node-1] loaded module [x-pack-graph]
[2026-05-29T10:15:53,551][INFO ][o.e.p.PluginsService     ] [jetlinks-node-1] loaded module [x-pack-identity-provider]
[2026-05-29T10:15:53,551][INFO ][o.e.p.PluginsService     ] [jetlinks-node-1] loaded module [x-pack-ilm]
[2026-05-29T10:15:53,551][INFO ][o.e.p.PluginsService     ] [jetlinks-node-1] loaded module [x-pack-logstash]
[2026-05-29T10:15:53,551][INFO ][o.e.p.PluginsService     ] [jetlinks-node-1] loaded module [x-pack-ml]
[2026-05-29T10:15:53,566][INFO ][o.e.p.PluginsService     ] [jetlinks-node-1] loaded module [x-pack-monitoring]
[2026-05-29T10:15:53,566][INFO ][o.e.p.PluginsService     ] [jetlinks-node-1] loaded module [x-pack-ql]
[2026-05-29T10:15:53,566][INFO ][o.e.p.PluginsService     ] [jetlinks-node-1] loaded module [x-pack-rollup]
[2026-05-29T10:15:53,566][INFO ][o.e.p.PluginsService     ] [jetlinks-node-1] loaded module [x-pack-security]
[2026-05-29T10:15:53,566][INFO ][o.e.p.PluginsService     ] [jetlinks-node-1] loaded module [x-pack-shutdown]
[2026-05-29T10:15:53,566][INFO ][o.e.p.PluginsService     ] [jetlinks-node-1] loaded module [x-pack-sql]
[2026-05-29T10:15:53,566][INFO ][o.e.p.PluginsService     ] [jetlinks-node-1] loaded module [x-pack-stack]
[2026-05-29T10:15:53,566][INFO ][o.e.p.PluginsService     ] [jetlinks-node-1] loaded module [x-pack-text-structure]
[2026-05-29T10:15:53,566][INFO ][o.e.p.PluginsService     ] [jetlinks-node-1] loaded module [x-pack-voting-only-node]
[2026-05-29T10:15:53,566][INFO ][o.e.p.PluginsService     ] [jetlinks-node-1] loaded module [x-pack-watcher]
[2026-05-29T10:15:53,566][INFO ][o.e.p.PluginsService     ] [jetlinks-node-1] no plugins loaded
[2026-05-29T10:16:06,129][INFO ][o.e.e.NodeEnvironment    ] [jetlinks-node-1] using [1] data paths, mounts [[(D:)]], net usable_space [274.7gb], net total_space [310gb], types [NTFS]
[2026-05-29T10:16:06,129][INFO ][o.e.e.NodeEnvironment    ] [jetlinks-node-1] heap size [3.8gb], compressed ordinary object pointers [true]
[2026-05-29T10:16:06,224][INFO ][o.e.n.Node               ] [jetlinks-node-1] node name [jetlinks-node-1], node ID [G361Qy6oTZ6ehOkmxaO0dw], cluster name [jetlinks-es], roles [transform, data_frozen, master, remote_cluster_client, data, ml, data_content, data_hot, data_warm, data_cold, ingest]
[2026-05-29T10:16:13,343][INFO ][o.e.x.m.p.l.CppLogMessageHandler] [jetlinks-node-1] [controller/20616] [Main.cc@122] controller (64 bit): Version 7.17.23 (Build 3e4489a02bea5d) Copyright (c) 2024 Elasticsearch BV
[2026-05-29T10:16:14,149][INFO ][o.e.i.g.ConfigDatabases  ] [jetlinks-node-1] initialized default databases [[GeoLite2-Country.mmdb, GeoLite2-City.mmdb, GeoLite2-ASN.mmdb]], config databases [[]] and watching [C:\ProgramData\chocolatey\lib\elasticsearch\tools\elasticsearch-7.17.23\config\ingest-geoip] for changes
[2026-05-29T10:16:14,149][INFO ][o.e.i.g.DatabaseNodeService] [jetlinks-node-1] initialized database registry, using geoip-databases directory [C:\Users\admin\AppData\Local\Temp\elasticsearch\geoip-databases\G361Qy6oTZ6ehOkmxaO0dw]
[2026-05-29T10:16:15,167][INFO ][o.e.t.NettyAllocator     ] [jetlinks-node-1] creating NettyAllocator with the following configs: [name=elasticsearch_configured, chunk_size=1mb, suggested_max_allocation_size=1mb, factors={es.unsafe.use_netty_default_chunk_and_page_size=false, g1gc_enabled=true, g1gc_region_size=4mb}]
[2026-05-29T10:16:15,216][INFO ][o.e.i.r.RecoverySettings ] [jetlinks-node-1] using rate limit [40mb] with [default=40mb, read=0b, write=0b, max=0b]
[2026-05-29T10:16:15,279][INFO ][o.e.d.DiscoveryModule    ] [jetlinks-node-1] using discovery type [single-node] and seed hosts providers [settings]
[2026-05-29T10:16:16,121][INFO ][o.e.g.DanglingIndicesState] [jetlinks-node-1] gateway.auto_import_dangling_indices is disabled, dangling indices will not be automatically detected or imported and must be managed manually
[2026-05-29T10:16:17,338][INFO ][o.e.n.Node               ] [jetlinks-node-1] initialized
[2026-05-29T10:16:17,338][INFO ][o.e.n.Node               ] [jetlinks-node-1] starting ...
[2026-05-29T10:16:17,457][INFO ][o.e.x.s.c.f.PersistentCache] [jetlinks-node-1] persistent cache index loaded
[2026-05-29T10:16:17,459][INFO ][o.e.x.d.l.DeprecationIndexingComponent] [jetlinks-node-1] deprecation component started
[2026-05-29T10:16:17,852][INFO ][o.e.t.TransportService   ] [jetlinks-node-1] publish_address {127.0.0.1:9300}, bound_addresses {127.0.0.1:9300}
[2026-05-29T10:16:17,876][INFO ][o.e.x.m.Monitoring       ] [jetlinks-node-1] creating template [.monitoring-alerts-7] with version [7]
[2026-05-29T10:16:17,881][INFO ][o.e.x.m.Monitoring       ] [jetlinks-node-1] creating template [.monitoring-es] with version [7]
[2026-05-29T10:16:17,881][INFO ][o.e.x.m.Monitoring       ] [jetlinks-node-1] creating template [.monitoring-kibana] with version [7]
[2026-05-29T10:16:17,881][INFO ][o.e.x.m.Monitoring       ] [jetlinks-node-1] creating template [.monitoring-logstash] with version [7]
[2026-05-29T10:16:17,881][INFO ][o.e.x.m.Monitoring       ] [jetlinks-node-1] creating template [.monitoring-beats] with version [7]
[2026-05-29T10:16:18,650][INFO ][o.e.c.c.Coordinator      ] [jetlinks-node-1] setting initial configuration to VotingConfiguration{G361Qy6oTZ6ehOkmxaO0dw}
[2026-05-29T10:16:19,384][INFO ][o.e.c.s.MasterService    ] [jetlinks-node-1] elected-as-master ([1] nodes joined)[{jetlinks-node-1}{G361Qy6oTZ6ehOkmxaO0dw}{JyT2n-huQ6uaH2ZDgT23DA}{127.0.0.1}{127.0.0.1:9300}{cdfhilmrstw} elect leader, _BECOME_MASTER_TASK_, _FINISH_ELECTION_], term: 1, version: 1, delta: master node changed {previous [], current [{jetlinks-node-1}{G361Qy6oTZ6ehOkmxaO0dw}{JyT2n-huQ6uaH2ZDgT23DA}{127.0.0.1}{127.0.0.1:9300}{cdfhilmrstw}]}
[2026-05-29T10:16:19,647][INFO ][o.e.c.c.CoordinationState] [jetlinks-node-1] cluster UUID set to [L0rPvp7eRY2QdaOoo6NtDQ]
[2026-05-29T10:16:20,022][INFO ][o.e.c.s.ClusterApplierService] [jetlinks-node-1] master node changed {previous [], current [{jetlinks-node-1}{G361Qy6oTZ6ehOkmxaO0dw}{JyT2n-huQ6uaH2ZDgT23DA}{127.0.0.1}{127.0.0.1:9300}{cdfhilmrstw}]}, term: 1, version: 1, reason: Publication{term=1, version=1}
[2026-05-29T10:16:20,155][INFO ][o.e.h.AbstractHttpServerTransport] [jetlinks-node-1] publish_address {127.0.0.1:9200}, bound_addresses {127.0.0.1:9200}
[2026-05-29T10:16:20,156][INFO ][o.e.n.Node               ] [jetlinks-node-1] started
[2026-05-29T10:16:20,325][INFO ][o.e.g.GatewayService     ] [jetlinks-node-1] recovered [0] indices into cluster_state
[2026-05-29T10:16:20,614][INFO ][o.e.c.m.MetadataIndexTemplateService] [jetlinks-node-1] adding index template [.ml-state] for index patterns [.ml-state*]
[2026-05-29T10:16:21,105][INFO ][o.e.c.m.MetadataIndexTemplateService] [jetlinks-node-1] adding index template [.ml-anomalies-] for index patterns [.ml-anomalies-*]
[2026-05-29T10:16:21,358][INFO ][o.e.c.m.MetadataIndexTemplateService] [jetlinks-node-1] adding index template [.ml-stats] for index patterns [.ml-stats-*]
[2026-05-29T10:16:21,594][INFO ][o.e.c.m.MetadataIndexTemplateService] [jetlinks-node-1] adding index template [.ml-notifications-000002] for index patterns [.ml-notifications-000002]
[2026-05-29T10:16:22,038][INFO ][o.e.c.m.MetadataIndexTemplateService] [jetlinks-node-1] adding component template [metrics-settings]
[2026-05-29T10:16:22,273][INFO ][o.e.c.m.MetadataIndexTemplateService] [jetlinks-node-1] adding component template [data-streams-mappings]
[2026-05-29T10:16:22,493][INFO ][o.e.c.m.MetadataIndexTemplateService] [jetlinks-node-1] adding component template [logs-mappings]
[2026-05-29T10:16:22,771][INFO ][o.e.c.m.MetadataIndexTemplateService] [jetlinks-node-1] adding component template [synthetics-settings]
[2026-05-29T10:16:23,130][INFO ][o.e.c.m.MetadataIndexTemplateService] [jetlinks-node-1] adding component template [synthetics-mappings]
[2026-05-29T10:16:23,302][INFO ][o.e.c.m.MetadataIndexTemplateService] [jetlinks-node-1] adding component template [logs-settings]
[2026-05-29T10:16:23,473][INFO ][o.e.c.m.MetadataIndexTemplateService] [jetlinks-node-1] adding component template [metrics-mappings]
[2026-05-29T10:16:23,667][INFO ][o.e.c.m.MetadataIndexTemplateService] [jetlinks-node-1] adding index template [.watch-history-13] for index patterns [.watcher-history-13*]
[2026-05-29T10:16:23,805][INFO ][o.e.c.m.MetadataIndexTemplateService] [jetlinks-node-1] adding index template [ilm-history] for index patterns [ilm-history-5*]
[2026-05-29T10:16:23,955][INFO ][o.e.c.m.MetadataIndexTemplateService] [jetlinks-node-1] adding index template [.slm-history] for index patterns [.slm-history-5*]
[2026-05-29T10:16:24,121][INFO ][o.e.c.m.MetadataIndexTemplateService] [jetlinks-node-1] adding component template [.deprecation-indexing-mappings]
[2026-05-29T10:16:24,293][INFO ][o.e.c.m.MetadataIndexTemplateService] [jetlinks-node-1] adding component template [.deprecation-indexing-settings]
[2026-05-29T10:16:24,454][INFO ][o.e.c.m.MetadataIndexTemplateService] [jetlinks-node-1] adding index template [synthetics] for index patterns [synthetics-*-*]
[2026-05-29T10:16:24,623][INFO ][o.e.c.m.MetadataIndexTemplateService] [jetlinks-node-1] adding index template [logs] for index patterns [logs-*-*]
[2026-05-29T10:16:24,813][INFO ][o.e.c.m.MetadataIndexTemplateService] [jetlinks-node-1] adding index template [metrics] for index patterns [metrics-*-*]
[2026-05-29T10:16:24,961][INFO ][o.e.c.m.MetadataIndexTemplateService] [jetlinks-node-1] adding index template [.deprecation-indexing-template] for index patterns [.logs-deprecation.*]
[2026-05-29T10:16:25,093][INFO ][o.e.x.i.a.TransportPutLifecycleAction] [jetlinks-node-1] adding index lifecycle policy [ml-size-based-ilm-policy]
[2026-05-29T10:16:25,358][INFO ][o.e.x.i.a.TransportPutLifecycleAction] [jetlinks-node-1] adding index lifecycle policy [synthetics]
[2026-05-29T10:16:25,510][INFO ][o.e.x.i.a.TransportPutLifecycleAction] [jetlinks-node-1] adding index lifecycle policy [metrics]
[2026-05-29T10:16:25,642][INFO ][o.e.x.i.a.TransportPutLifecycleAction] [jetlinks-node-1] adding index lifecycle policy [logs]
[2026-05-29T10:16:25,764][INFO ][o.e.x.i.a.TransportPutLifecycleAction] [jetlinks-node-1] adding index lifecycle policy [30-days-default]
[2026-05-29T10:16:25,941][INFO ][o.e.x.i.a.TransportPutLifecycleAction] [jetlinks-node-1] adding index lifecycle policy [90-days-default]
[2026-05-29T10:16:26,128][INFO ][o.e.x.i.a.TransportPutLifecycleAction] [jetlinks-node-1] adding index lifecycle policy [7-days-default]
[2026-05-29T10:16:26,310][INFO ][o.e.x.i.a.TransportPutLifecycleAction] [jetlinks-node-1] adding index lifecycle policy [180-days-default]
[2026-05-29T10:16:26,481][INFO ][o.e.x.i.a.TransportPutLifecycleAction] [jetlinks-node-1] adding index lifecycle policy [365-days-default]
[2026-05-29T10:16:26,621][INFO ][o.e.x.i.a.TransportPutLifecycleAction] [jetlinks-node-1] adding index lifecycle policy [watch-history-ilm-policy]
[2026-05-29T10:16:26,751][INFO ][o.e.x.i.a.TransportPutLifecycleAction] [jetlinks-node-1] adding index lifecycle policy [ilm-history-ilm-policy]
[2026-05-29T10:16:26,880][INFO ][o.e.x.i.a.TransportPutLifecycleAction] [jetlinks-node-1] adding index lifecycle policy [slm-history-ilm-policy]
[2026-05-29T10:16:27,041][INFO ][o.e.x.i.a.TransportPutLifecycleAction] [jetlinks-node-1] adding index lifecycle policy [.deprecation-indexing-ilm-policy]
[2026-05-29T10:16:27,176][INFO ][o.e.x.i.a.TransportPutLifecycleAction] [jetlinks-node-1] adding index lifecycle policy [.fleet-actions-results-ilm-policy]
[2026-05-29T10:16:27,433][INFO ][o.e.i.g.GeoIpDownloader  ] [jetlinks-node-1] updating geoip databases
[2026-05-29T10:16:27,433][INFO ][o.e.i.g.GeoIpDownloader  ] [jetlinks-node-1] fetching geoip databases overview from [https://geoip.elastic.co/v1/database?elastic_geoip_service_tos=agree]
[2026-05-29T10:16:27,671][INFO ][o.e.l.LicenseService     ] [jetlinks-node-1] license [c7b53868-c9b5-4263-8a93-22416c2af5bf] mode [basic] - valid
[2026-05-29T10:16:30,083][INFO ][o.e.c.m.MetadataCreateIndexService] [jetlinks-node-1] [.geoip_databases] creating index, cause [auto(bulk api)], templates [], shards [1]/[0]
[2026-05-29T10:16:31,041][INFO ][o.e.c.r.a.AllocationService] [jetlinks-node-1] Cluster health status changed from [YELLOW] to [GREEN] (reason: [shards started [[.geoip_databases][0]]]).
[2026-05-29T10:16:33,292][INFO ][o.e.i.g.DatabaseNodeService] [jetlinks-node-1] retrieve geoip database [GeoLite2-ASN.mmdb] from [.geoip_databases] to [C:\Users\admin\AppData\Local\Temp\elasticsearch\geoip-databases\G361Qy6oTZ6ehOkmxaO0dw\GeoLite2-ASN.mmdb.tmp.gz]
[2026-05-29T10:16:33,310][INFO ][o.e.i.g.GeoIpDownloader  ] [jetlinks-node-1] successfully downloaded geoip database [GeoLite2-ASN.mmdb]
[2026-05-29T10:16:33,747][INFO ][o.e.i.g.DatabaseNodeService] [jetlinks-node-1] successfully reloaded changed geoip database file [C:\Users\admin\AppData\Local\Temp\elasticsearch\geoip-databases\G361Qy6oTZ6ehOkmxaO0dw\GeoLite2-ASN.mmdb]
[2026-05-29T10:16:39,073][INFO ][o.e.i.g.DatabaseNodeService] [jetlinks-node-1] retrieve geoip database [GeoLite2-City.mmdb] from [.geoip_databases] to [C:\Users\admin\AppData\Local\Temp\elasticsearch\geoip-databases\G361Qy6oTZ6ehOkmxaO0dw\GeoLite2-City.mmdb.tmp.gz]
[2026-05-29T10:16:39,106][INFO ][o.e.i.g.GeoIpDownloader  ] [jetlinks-node-1] successfully downloaded geoip database [GeoLite2-City.mmdb]
[2026-05-29T10:16:40,275][INFO ][o.e.i.g.DatabaseNodeService] [jetlinks-node-1] successfully reloaded changed geoip database file [C:\Users\admin\AppData\Local\Temp\elasticsearch\geoip-databases\G361Qy6oTZ6ehOkmxaO0dw\GeoLite2-City.mmdb]
[2026-05-29T10:16:40,534][INFO ][o.e.i.g.DatabaseNodeService] [jetlinks-node-1] retrieve geoip database [GeoLite2-Country.mmdb] from [.geoip_databases] to [C:\Users\admin\AppData\Local\Temp\elasticsearch\geoip-databases\G361Qy6oTZ6ehOkmxaO0dw\GeoLite2-Country.mmdb.tmp.gz]
[2026-05-29T10:16:40,562][INFO ][o.e.i.g.GeoIpDownloader  ] [jetlinks-node-1] successfully downloaded geoip database [GeoLite2-Country.mmdb]
[2026-05-29T10:16:40,691][INFO ][o.e.i.g.DatabaseNodeService] [jetlinks-node-1] successfully reloaded changed geoip database file [C:\Users\admin\AppData\Local\Temp\elasticsearch\geoip-databases\G361Qy6oTZ6ehOkmxaO0dw\GeoLite2-Country.mmdb]
[2026-05-29T11:09:11,644][WARN ][o.e.m.f.FsHealthService  ] [jetlinks-node-1] health check of [D:\Proj\5.29\deploy\runtime\elasticsearch\data\nodes\0] took [33410ms] which is above the warn threshold of [5s]
[2026-05-29T11:09:11,644][WARN ][o.e.t.ThreadPool         ] [jetlinks-node-1] timer thread slept for [22.3s/22352ms] on absolute clock which is above the warn threshold of [5000ms]
[2026-05-29T11:10:11,252][WARN ][o.e.t.ThreadPool         ] [jetlinks-node-1] timer thread slept for [22.3s/22351034300ns] on relative clock which is above the warn threshold of [5000ms]
[2026-05-29T11:10:11,469][WARN ][o.e.t.ThreadPool         ] [jetlinks-node-1] timer thread slept for [1.2m/76866ms] on absolute clock which is above the warn threshold of [5000ms]
[2026-05-29T11:10:12,411][WARN ][o.e.t.ThreadPool         ] [jetlinks-node-1] timer thread slept for [1.2m/76866206100ns] on relative clock which is above the warn threshold of [5000ms]
[2026-05-29T11:22:05,675][WARN ][o.e.m.f.FsHealthService  ] [jetlinks-node-1] health check of [D:\Proj\5.29\deploy\runtime\elasticsearch\data\nodes\0] took [107047ms] which is above the warn threshold of [5s]
[2026-05-29T11:26:49,266][WARN ][o.e.m.f.FsHealthService  ] [jetlinks-node-1] health check of [D:\Proj\5.29\deploy\runtime\elasticsearch\data\nodes\0] took [17582ms] which is above the warn threshold of [5s]
[2026-05-29T11:31:06,456][WARN ][o.e.h.AbstractHttpServerTransport] [jetlinks-node-1] handling request [null][HEAD][/][Netty4HttpChannel{localAddress=/127.0.0.1:9200, remoteAddress=/127.0.0.1:58099}] took [6695ms] which is above the warn threshold of [5000ms]
[2026-05-29T11:31:07,742][WARN ][o.e.h.AbstractHttpServerTransport] [jetlinks-node-1] caught exception while handling client http traffic, closing connection Netty4HttpChannel{localAddress=/127.0.0.1:9200, remoteAddress=/127.0.0.1:58099}
java.io.IOException: 你的主机中的软件中止了一个已建立的连接。
	at sun.nio.ch.SocketDispatcher.read0(Native Method) ~[?:?]
	at sun.nio.ch.SocketDispatcher.read(SocketDispatcher.java:46) ~[?:?]
	at sun.nio.ch.IOUtil.readIntoNativeBuffer(IOUtil.java:340) ~[?:?]
	at sun.nio.ch.IOUtil.read(IOUtil.java:294) ~[?:?]
	at sun.nio.ch.IOUtil.read(IOUtil.java:269) ~[?:?]
	at sun.nio.ch.SocketChannelImpl.implRead(SocketChannelImpl.java:426) ~[?:?]
	at sun.nio.ch.SocketChannelImpl.read(SocketChannelImpl.java:493) ~[?:?]
	at org.elasticsearch.transport.CopyBytesSocketChannel.readFromSocketChannel(CopyBytesSocketChannel.java:131) ~[transport-netty4-client-7.17.23.jar:7.17.23]
	at org.elasticsearch.transport.CopyBytesSocketChannel.doReadBytes(CopyBytesSocketChannel.java:116) ~[transport-netty4-client-7.17.23.jar:7.17.23]
	at io.netty.channel.nio.AbstractNioByteChannel$NioByteUnsafe.read(AbstractNioByteChannel.java:151) [netty-transport-4.1.94.Final.jar:4.1.94.Final]
	at io.netty.channel.nio.NioEventLoop.processSelectedKey(NioEventLoop.java:788) [netty-transport-4.1.94.Final.jar:4.1.94.Final]
	at io.netty.channel.nio.NioEventLoop.processSelectedKeysPlain(NioEventLoop.java:689) [netty-transport-4.1.94.Final.jar:4.1.94.Final]
	at io.netty.channel.nio.NioEventLoop.processSelectedKeys(NioEventLoop.java:652) [netty-transport-4.1.94.Final.jar:4.1.94.Final]
	at io.netty.channel.nio.NioEventLoop.run(NioEventLoop.java:562) [netty-transport-4.1.94.Final.jar:4.1.94.Final]
	at io.netty.util.concurrent.SingleThreadEventExecutor$4.run(SingleThreadEventExecutor.java:997) [netty-common-4.1.94.Final.jar:4.1.94.Final]
	at io.netty.util.internal.ThreadExecutorMap$2.run(ThreadExecutorMap.java:74) [netty-common-4.1.94.Final.jar:4.1.94.Final]
	at java.lang.Thread.run(Thread.java:1570) [?:?]
[2026-05-29T11:31:22,254][INFO ][o.e.c.m.MetadataIndexTemplateService] [jetlinks-node-1] adding template [jetlinks-metrics_template] for index patterns [jetlinks-metrics*]
[2026-05-29T11:31:26,030][INFO ][o.e.c.m.MetadataIndexTemplateService] [jetlinks-node-1] adding template [device_metrics_template] for index patterns [device_metrics*]
[2026-05-29T11:31:27,449][INFO ][o.e.c.m.MetadataCreateIndexService] [jetlinks-node-1] [.ds-.logs-deprecation.elasticsearch-default-2026.05.29-000001] creating index, cause [initialize_data_stream], templates [.deprecation-indexing-template], shards [1]/[1]
[2026-05-29T11:31:27,687][INFO ][o.e.c.r.a.AllocationService] [jetlinks-node-1] updating number_of_replicas to [0] for indices [.ds-.logs-deprecation.elasticsearch-default-2026.05.29-000001]
[2026-05-29T11:31:27,884][INFO ][o.e.c.m.MetadataCreateDataStreamService] [jetlinks-node-1] adding data stream [.logs-deprecation.elasticsearch-default] with write index [.ds-.logs-deprecation.elasticsearch-default-2026.05.29-000001], backing indices [], and aliases []
[2026-05-29T11:31:29,973][INFO ][o.e.c.m.MetadataIndexTemplateService] [jetlinks-node-1] adding template [notify_history_template] for index patterns [notify_history*]
[2026-05-29T11:31:30,809][INFO ][o.e.c.r.a.AllocationService] [jetlinks-node-1] Cluster health status changed from [YELLOW] to [GREEN] (reason: [shards started [[.ds-.logs-deprecation.elasticsearch-default-2026.05.29-000001][0]]]).
[2026-05-29T11:31:31,611][INFO ][o.e.x.i.IndexLifecycleTransition] [jetlinks-node-1] moving index [.ds-.logs-deprecation.elasticsearch-default-2026.05.29-000001] from [null] to [{"phase":"new","action":"complete","name":"complete"}] in policy [.deprecation-indexing-ilm-policy]
[2026-05-29T11:31:32,525][INFO ][o.e.c.m.MetadataMappingService] [jetlinks-node-1] [.ds-.logs-deprecation.elasticsearch-default-2026.05.29-000001/UCProt2pS8-XkYrm4y0TYQ] update_mapping [_doc]
[2026-05-29T11:31:33,299][INFO ][o.e.c.m.MetadataIndexTemplateService] [jetlinks-node-1] adding template [alarm_history_template] for index patterns [alarm_history*]
[2026-05-29T11:31:34,151][INFO ][o.e.x.i.IndexLifecycleTransition] [jetlinks-node-1] moving index [.ds-.logs-deprecation.elasticsearch-default-2026.05.29-000001] from [{"phase":"new","action":"complete","name":"complete"}] to [{"phase":"hot","action":"unfollow","name":"branch-check-unfollow-prerequisites"}] in policy [.deprecation-indexing-ilm-policy]
[2026-05-29T11:31:35,264][INFO ][o.e.x.i.IndexLifecycleTransition] [jetlinks-node-1] moving index [.ds-.logs-deprecation.elasticsearch-default-2026.05.29-000001] from [{"phase":"hot","action":"unfollow","name":"branch-check-unfollow-prerequisites"}] to [{"phase":"hot","action":"rollover","name":"check-rollover-ready"}] in policy [.deprecation-indexing-ilm-policy]
[2026-05-29T11:31:36,279][INFO ][o.e.c.m.MetadataIndexTemplateService] [jetlinks-node-1] adding template [access_logger_template] for index patterns [access_logger*]
[2026-05-29T11:31:36,784][INFO ][o.e.c.m.MetadataIndexTemplateService] [jetlinks-node-1] adding template [rule-engine-execute-log_template] for index patterns [rule-engine-execute-log*]
[2026-05-29T11:31:37,202][INFO ][o.e.c.m.MetadataIndexTemplateService] [jetlinks-node-1] adding template [rule-engine-execute-event_template] for index patterns [rule-engine-execute-event*]
[2026-05-29T11:31:37,764][INFO ][o.e.c.m.MetadataCreateIndexService] [jetlinks-node-1] [.ds-ilm-history-5-2026.05.29-000001] creating index, cause [initialize_data_stream], templates [ilm-history], shards [1]/[0]
[2026-05-29T11:31:37,764][INFO ][o.e.c.m.MetadataCreateDataStreamService] [jetlinks-node-1] adding data stream [ilm-history-5] with write index [.ds-ilm-history-5-2026.05.29-000001], backing indices [], and aliases []
[2026-05-29T11:31:39,375][INFO ][o.e.c.m.MetadataIndexTemplateService] [jetlinks-node-1] adding template [device_session_metric_template] for index patterns [device_session_metric*]
[2026-05-29T11:31:40,474][INFO ][o.e.c.r.a.AllocationService] [jetlinks-node-1] Cluster health status changed from [YELLOW] to [GREEN] (reason: [shards started [[.ds-ilm-history-5-2026.05.29-000001][0]]]).
[2026-05-29T11:31:41,060][INFO ][o.e.c.m.MetadataIndexTemplateService] [jetlinks-node-1] adding template [system_monitor_template] for index patterns [system_monitor*]
[2026-05-29T11:31:42,248][INFO ][o.e.c.m.MetadataIndexTemplateService] [jetlinks-node-1] adding template [system_logger_template] for index patterns [system_logger*]
[2026-05-29T11:31:42,659][INFO ][o.e.x.i.IndexLifecycleTransition] [jetlinks-node-1] moving index [.ds-ilm-history-5-2026.05.29-000001] from [null] to [{"phase":"new","action":"complete","name":"complete"}] in policy [ilm-history-ilm-policy]
[2026-05-29T11:31:43,043][INFO ][o.e.x.i.IndexLifecycleTransition] [jetlinks-node-1] moving index [.ds-ilm-history-5-2026.05.29-000001] from [{"phase":"new","action":"complete","name":"complete"}] to [{"phase":"hot","action":"unfollow","name":"branch-check-unfollow-prerequisites"}] in policy [ilm-history-ilm-policy]
[2026-05-29T11:31:43,514][INFO ][o.e.x.i.IndexLifecycleTransition] [jetlinks-node-1] moving index [.ds-ilm-history-5-2026.05.29-000001] from [{"phase":"hot","action":"unfollow","name":"branch-check-unfollow-prerequisites"}] to [{"phase":"hot","action":"rollover","name":"check-rollover-ready"}] in policy [ilm-history-ilm-policy]
[2026-05-29T11:31:51,353][INFO ][o.e.c.m.MetadataCreateIndexService] [jetlinks-node-1] [jetlinks-metrics_2026-5] creating index, cause [auto(bulk api)], templates [jetlinks-metrics_template], shards [1]/[0]
[2026-05-29T11:31:52,958][INFO ][o.e.c.r.a.AllocationService] [jetlinks-node-1] Cluster health status changed from [YELLOW] to [GREEN] (reason: [shards started [[jetlinks-metrics_2026-5][0]]]).
[2026-05-29T11:31:53,533][INFO ][o.e.c.m.MetadataMappingService] [jetlinks-node-1] [jetlinks-metrics_2026-5/oD2nX4-TR7qG7aHlInwIHw] update_mapping [_doc]
[2026-05-29T11:34:35,619][INFO ][o.e.c.m.MetadataCreateIndexService] [jetlinks-node-1] [system_logger_2026-5] creating index, cause [auto(bulk api)], templates [system_logger_template], shards [1]/[0]
[2026-05-29T11:34:36,573][INFO ][o.e.c.r.a.AllocationService] [jetlinks-node-1] Cluster health status changed from [YELLOW] to [GREEN] (reason: [shards started [[system_logger_2026-5][0]]]).
[2026-05-29T11:34:37,125][INFO ][o.e.c.m.MetadataMappingService] [jetlinks-node-1] [system_logger_2026-5/kjYPcHG2TiyQXf_2re2HRg] update_mapping [_doc]
[2026-05-29T11:34:38,592][INFO ][o.e.c.m.MetadataMappingService] [jetlinks-node-1] [jetlinks-metrics_2026-5/oD2nX4-TR7qG7aHlInwIHw] update_mapping [_doc]
[2026-05-29T11:34:39,108][INFO ][o.e.c.m.MetadataMappingService] [jetlinks-node-1] [jetlinks-metrics_2026-5/oD2nX4-TR7qG7aHlInwIHw] update_mapping [_doc]
[2026-05-29T11:35:08,535][WARN ][o.e.t.ThreadPool         ] [jetlinks-node-1] timer thread slept for [11.8s/11802ms] on absolute clock which is above the warn threshold of [5000ms]
[2026-05-29T11:35:08,535][WARN ][o.e.t.ThreadPool         ] [jetlinks-node-1] timer thread slept for [11.8s/11801449300ns] on relative clock which is above the warn threshold of [5000ms]
[2026-05-29T11:35:08,535][WARN ][o.e.t.ThreadPool         ] [jetlinks-node-1] execution of [ReschedulingRunnable{runnable=org.elasticsearch.indices.IndexingMemoryController$ShardsIndicesStatusChecker@ec70fc1, interval=5s}] took [11801ms] which is above the warn threshold of [5000ms]
[2026-05-29T11:35:08,838][WARN ][o.e.m.j.JvmGcMonitorService] [jetlinks-node-1] [gc][young][4597][9] duration [11.7s], collections [1]/[12.5s], total [11.7s]/[11.8s], memory [1gb]->[117.2mb]/[3.8gb], all_pools {[young] [1016mb]->[8mb]/[0b]}{[old] [8mb]->[17.2mb]/[3.8gb]}{[survivor] [76mb]->[92mb]/[0b]}
[2026-05-29T11:35:08,838][WARN ][o.e.m.j.JvmGcMonitorService] [jetlinks-node-1] [gc][4597] overhead, spent [11.7s] collecting in the last [12.5s]
[2026-05-29T11:35:08,902][INFO ][o.e.c.m.MetadataMappingService] [jetlinks-node-1] [jetlinks-metrics_2026-5/oD2nX4-TR7qG7aHlInwIHw] update_mapping [_doc]
[2026-05-29T11:35:24,529][INFO ][o.e.c.m.MetadataCreateIndexService] [jetlinks-node-1] [system_monitor_2026-5] creating index, cause [auto(bulk api)], templates [system_monitor_template], shards [1]/[0]
[2026-05-29T11:35:25,747][INFO ][o.e.c.r.a.AllocationService] [jetlinks-node-1] Cluster health status changed from [YELLOW] to [GREEN] (reason: [shards started [[system_monitor_2026-5][0]]]).
[2026-05-29T11:35:26,384][INFO ][o.e.c.m.MetadataMappingService] [jetlinks-node-1] [system_monitor_2026-5/Rg4SgVivQrqsgrcQJKiiDw] update_mapping [_doc]
[2026-05-29T11:39:05,979][INFO ][o.e.m.j.JvmGcMonitorService] [jetlinks-node-1] [gc][young][4828][10] duration [926ms], collections [1]/[1.7s], total [926ms]/[12.7s], memory [209.2mb]->[116.5mb]/[3.8gb], all_pools {[young] [100mb]->[0b]/[0b]}{[old] [17.2mb]->[105mb]/[3.8gb]}{[survivor] [92mb]->[11.5mb]/[0b]}
[2026-05-29T11:39:05,979][WARN ][o.e.m.j.JvmGcMonitorService] [jetlinks-node-1] [gc][4828] overhead, spent [926ms] collecting in the last [1.7s]
